HawtC2_ProjectName: 复合材料叶片截面属性示例 更多消息和教程请访问：http://www.hawtc.cn/
Powered By OpenWECD.HawtC2.HawtC2 @CopyRight 赵子祯
计算时间：06/17/2025 17:13:54
 1  SectionNum  -  总的节点数量

!Section1
刚度矩阵：
 1.000000000000000E+00	  0.000000000000000E+00	  0.000000000000000E+00	   0.000000000000000E+00	  -3.864413338764980E-15	  -4.982694042637960E-15	
 0.000000000000000E+00	  2.883244341777240E+00	  4.085924782136100E-16	   1.183948772354170E-15	   0.000000000000000E+00	   0.000000000000000E+00	
 0.000000000000000E+00	  4.223042475637630E-16	  2.883244341777240E+00	  -2.775557561562880E-16	   0.000000000000000E+00	   0.000000000000000E+00	
 0.000000000000000E+00	  0.000000000000000E+00	  0.000000000000000E+00	   1.703498739774770E+03	   0.000000000000000E+00	   0.000000000000000E+00	
-2.245916335678620E-15	  0.000000000000000E+00	  0.000000000000000E+00	   0.000000000000000E+00	   1.199816708000410E+03	   2.675171478226670E-14	
-5.648827857413050E-15	  0.000000000000000E+00	  0.000000000000000E+00	   0.000000000000000E+00	   7.336595809608430E-14	   1.199816708000420E+03	
质量矩阵：
 1.000000000000010E+01	  0.000000000000000E+00	   0.000000000000000E+00	   0.000000000000000E+00	  -4.336808689942020E-19	  8.673617379884040E-19	
 0.000000000000000E+00	  1.000000000000010E+01	   0.000000000000000E+00	   4.336808689942020E-19	   0.000000000000000E+00	  0.000000000000000E+00	
 0.000000000000000E+00	  0.000000000000000E+00	   1.000000000000010E+01	  -8.673617379884040E-19	   0.000000000000000E+00	  0.000000000000000E+00	
 0.000000000000000E+00	  4.336808689942020E-19	  -8.673617379884040E-19	   1.662500000000000E-02	   0.000000000000000E+00	  0.000000000000000E+00	
-4.336808689942020E-19	  0.000000000000000E+00	   0.000000000000000E+00	   0.000000000000000E+00	   8.312499999999980E-03	  7.318364664277150E-19	
 8.673617379884040E-19	  0.000000000000000E+00	   0.000000000000000E+00	   0.000000000000000E+00	   7.318364664277150E-19	  8.312499999999980E-03	
剪切中心: 	2.536107705923850E-18	  5.637312334537520E-19	
弹性中心: 	-2.171967969090910E-18	  2.435614097480220E-18	
质量中心: 	-8.673617379883970E-20	  -4.336808689941990E-20	
