HawtC2_ProjectName: 复合材料叶片截面属性示例弦长方向插值新的版本 更多消息和教程请访问：http://www.hawtc.cn/
Powered By OpenWECD.HawtC2.HawtC2 @CopyRight 赵子祯
计算时间：06/17/2025 17:15:27
1  SectionNum  -  总的节点数量

!Section1
刚度矩阵：
 2.415154005421430E+09	  -3.661314801124780E+06	   2.548915519550940E+07	  -3.120257114852950E+07	  -2.790121196344430E+07	  -6.948425181073860E+08	
-3.661314800663970E+06	   7.383208115166580E+08	  -1.027102993406090E+07	  -3.601525291551390E+05	   2.603332064753340E+07	   4.003641961691710E+06	
 2.548915519550540E+07	  -1.027102993407590E+07	   4.307945165554130E+07	  -3.528376067544110E+05	  -3.978579980718610E+05	  -5.492384784050460E+06	
-3.120257114852530E+07	  -3.601525291590820E+05	  -3.528376067539280E+05	   2.038412649025210E+07	  -1.442692377226030E+04	   4.030572924771530E+06	
-2.790121196335830E+07	   2.603332064754710E+07	  -3.978579980691130E+05	  -1.442692377215250E+04	   2.022937967430500E+07	   1.491399077487870E+07	
-6.948425181073860E+08	   4.003641961813410E+06	  -5.492384784048700E+06	   4.030572924774530E+06	   1.491399077490170E+07	   5.570823082485890E+08	
质量矩阵：
 2.598157727305520E+02	   0.000000000000000E+00	  0.000000000000000E+00	   0.000000000000000E+00	  7.054274809269470E+00	  -1.953665169110910E+02	
 0.000000000000000E+00	   2.598157727305520E+02	  0.000000000000000E+00	  -7.054274809269470E+00	  0.000000000000000E+00	   0.000000000000000E+00	
 0.000000000000000E+00	   0.000000000000000E+00	  2.598157727305520E+02	   1.953665169110910E+02	  0.000000000000000E+00	   0.000000000000000E+00	
 0.000000000000000E+00	  -7.054274809269470E+00	  1.953665169110910E+02	   4.979549987664940E+01	  0.000000000000000E+00	   0.000000000000000E+00	
 7.054274809269470E+00	   0.000000000000000E+00	  0.000000000000000E+00	   0.000000000000000E+00	  2.195349719558650E+00	   9.393509196104890E-01	
-1.953665169110910E+02	   0.000000000000000E+00	  0.000000000000000E+00	   0.000000000000000E+00	  9.393509196104890E-01	   4.760015015709070E+01	
剪切中心: 	4.161604154395670E-01	  4.046992355176860E-02	
弹性中心: 	7.075148901556790E-01	  2.867443024700740E-02	
质量中心: 	7.519424816202360E-01	  2.715106452211140E-02	

