HawtC2_ProjectName: Section Failure Analysis for SectionMESH_1_复合材料叶片截面属性示例弦长方向插值新的版本 更多消息和教程请访问：http://www.hawtc.cn/
Powered By OpenWECD.HawtC2.HawtC2 @CopyRight 赵子祯
计算时间：06/17/2025 17:15:52
Force:0_0_0_20000_10000_0
!Elements542
Tsai_Wu失效准则	
8.083344789061660E-08	
8.134703251757980E-08	
8.247064490261060E-08	
8.743584505875160E-08	
1.058392716406000E-07	
1.317592809542480E-07	
1.684441991773490E-07	
7.495550857399200E-08	
7.604622342359580E-08	
7.841404015775600E-08	
8.368558806233140E-08	
1.015617685239840E-07	
1.276138861123960E-07	
1.897785778429350E-07	
7.972257699858480E-08	
7.963069171122020E-08	
7.935453379259990E-08	
7.352964675774370E-08	
7.651454852369410E-08	
8.177938065003520E-08	
8.702760873201690E-08	
5.498741403791710E-08	
5.536185495412030E-08	
5.562289582206980E-08	
4.826724153360990E-08	
4.739927958019180E-08	
4.206770440378620E-08	
3.273883882149020E-08	
4.145150784488510E-08	
4.133803808374010E-08	
3.563839263980480E-08	
3.438561234070210E-08	
3.312786133498000E-08	
3.141586306554860E-08	
2.923601404389600E-08	
4.094453896110320E-08	
4.070617036765300E-08	
3.432726586397680E-08	
3.277399537471470E-08	
3.151715295971360E-08	
3.039475785562310E-08	
2.906876166894460E-08	
4.174161833432060E-08	
4.146284090898280E-08	
3.443942189210650E-08	
3.250032108596070E-08	
3.088432595673470E-08	
2.935412024990580E-08	
2.753286733048300E-08	
4.275535623610910E-08	
4.243526898412510E-08	
3.490638789845620E-08	
3.265662785830520E-08	
3.077265134899830E-08	
2.895179169417630E-08	
2.677527398872980E-08	
4.226399166016400E-08	
4.192238028520900E-08	
3.434467183093100E-08	
3.226644169530130E-08	
3.064569288146250E-08	
2.929206106760440E-08	
2.773883400859120E-08	
2.483810262414520E-08	
2.457854803605940E-08	
1.991171419045960E-08	
1.701368447289480E-08	
1.461622645908560E-08	
1.231570782407520E-08	
9.763360153445550E-09	
2.449107180905440E-08	
2.421023397159880E-08	
1.832884830863770E-08	
1.210464957080140E-08	
8.313767975704010E-09	
6.118192382256510E-09	
5.350743885204390E-09	
3.154982248174220E-08	
3.127922114663910E-08	
2.473453232052580E-08	
2.343990708521100E-08	
2.080152309449880E-08	
9.494268779198650E-09	
5.653312878942510E-09	
3.635911166494970E-08	
3.600799749136180E-08	
2.715937420369630E-08	
2.321319910794390E-08	
3.241169758943110E-08	
1.508167017612080E-08	
9.500358771886540E-09	
3.741288192340650E-08	
3.705218037029430E-08	
2.793456043212760E-08	
2.364054643495230E-08	
5.332124268488320E-08	
2.093107473230600E-08	
1.833499228246930E-08	
3.746457659330420E-08	
3.711206159405170E-08	
2.821914505324450E-08	
2.427472134463450E-08	
1.409192325919860E-07	
2.695910106398280E-08	
1.739801330764080E-08	
3.527941344943430E-08	
3.522695507705980E-08	
2.797667170832750E-08	
2.514908760640130E-08	
3.168152898991000E-07	
3.217084725700790E-08	
5.316617522499280E-08	
3.960423699227310E-08	
3.925567491248160E-08	
2.998541103962000E-08	
2.593902033756250E-08	
2.507160693652120E-06	
4.110804648144940E-08	
2.799640030345750E-08	
4.184942676787920E-08	
4.148941165721940E-08	
3.189931208576200E-08	
2.786503142655570E-08	
1.451790044453820E-05	
4.385151670897090E-08	
2.824572646840530E-08	
4.314468864353880E-08	
4.278147025522620E-08	
3.300859089147760E-08	
2.899636939726350E-08	
3.925694045803230E-05	
4.510862200480480E-08	
2.939114994383370E-08	
4.328954281413450E-08	
4.292519632666960E-08	
3.314189659881920E-08	
2.911250388579650E-08	
7.886681869543540E-05	
4.562949711666810E-08	
2.967646842744420E-08	
4.227204469615120E-08	
4.190829520204120E-08	
3.224988552970500E-08	
2.810283704623460E-08	
1.372542191612000E-04	
4.516588667287440E-08	
2.922923017723580E-08	
4.011937500755030E-08	
3.976055395802450E-08	
3.041377732108480E-08	
2.614897855094170E-08	
2.192836988308530E-04	
4.384171370156430E-08	
2.832111546633920E-08	
3.706193852224260E-08	
3.671428317158160E-08	
2.786438872286870E-08	
2.353076712072570E-08	
3.302493821311140E-04	
4.211901012897710E-08	
2.691428892589510E-08	
3.376502760766920E-08	
3.343148972398600E-08	
2.513780830073830E-08	
2.074489693290260E-08	
4.586085489228220E-04	
3.957343686952340E-08	
2.691549253547960E-08	
3.178143064376910E-08	
3.145282729291970E-08	
2.352173621503360E-08	
1.908924351265600E-08	
5.360547539698120E-04	
2.534002999522580E-08	
1.535765123038120E-08	
3.089336568648870E-08	
3.063908912239790E-08	
2.311922401742730E-08	
1.873140798409640E-08	
5.490284530870400E-04	
2.037338877988610E-08	
2.071926023788240E-08	
3.179061445961030E-08	
3.146131020308990E-08	
2.333771884376140E-08	
1.815334858686240E-08	
5.595046469145830E-04	
1.577705548380790E-08	
6.900786104438620E-09	
3.515364198390170E-08	
3.480829489827980E-08	
2.631113572087710E-08	
2.165945315409270E-08	
6.122958612518170E-04	
1.183442537255290E-08	
4.887000236018380E-09	
5.338149375896580E-08	
5.296120580297270E-08	
4.242705200552800E-08	
4.568392936090220E-08	
6.278668587927840E-04	
1.872233186100280E-08	
1.411531628815320E-08	
9.029688865990550E-08	
8.974351607877510E-08	
7.462350195248220E-08	
7.020405234237900E-08	
4.484854020072170E-04	
1.958100693772460E-08	
1.737498880852780E-08	
8.718386393408270E-08	
8.663513767020190E-08	
7.232121797666660E-08	
6.783956019402460E-08	
2.888092805228470E-04	
1.952180897620340E-08	
1.703461608773550E-08	
8.473467031883140E-08	
8.419358110498680E-08	
7.074107385531250E-08	
6.634834510309240E-08	
1.731413341948910E-04	
1.943738489305980E-08	
1.700747270746650E-08	
8.346127213735910E-08	
8.292895390533780E-08	
7.024484881984900E-08	
6.588864968407970E-08	
9.325021500224900E-05	
1.943172990805000E-08	
1.699582036105850E-08	
8.320423138705740E-08	
8.265617872818590E-08	
7.057285004414750E-08	
6.614230672772800E-08	
4.323692700308610E-05	
1.946827770866970E-08	
1.702600075419650E-08	
8.326180132905120E-08	
8.279173966149020E-08	
7.156585398340470E-08	
6.752678369636730E-08	
1.789736177390180E-05	
1.946712117723420E-08	
1.716418151674610E-08	
8.645560727371790E-08	
8.560816344767510E-08	
7.347093433068840E-08	
6.729630720643500E-08	
1.305971245778870E-05	
1.976821097966340E-08	
1.689508489275460E-08	
2.916088669428170E-09	
2.797582996955290E-09	
2.258131208842490E-09	
1.256729192466760E-09	
1.510156155066230E-05	
1.516422575628700E-09	
1.052962385040340E-09	
5.168005436428070E-08	
5.329675332930370E-08	
5.695596683482510E-08	
7.008127874500980E-08	
1.002231903000900E-07	
1.363253224065570E-07	
2.682001860064760E-07	
5.187310830166510E-08	
5.321930526360700E-08	
5.635478013529020E-08	
6.863151834933120E-08	
1.029714870168800E-07	
1.326943968205270E-07	
2.683996540171070E-07	
6.315953382300860E-08	
6.425185429568530E-08	
6.647784754671320E-08	
7.680966180564990E-08	
1.039661486277440E-07	
1.436012439177270E-07	
2.153141908782210E-07	
7.245431923642510E-08	
7.284063466774780E-08	
7.390404818265520E-08	
8.044399539237400E-08	
9.598671588303660E-08	
1.353473084016090E-07	
2.109917397375670E-07	
6.053994304022690E-08	
5.967762334380050E-08	
5.722729613109880E-08	
6.324195383272710E-08	
6.877341574275740E-08	
6.626273697915730E-08	
4.452783232148090E-08	
6.687078218854110E-08	
6.845385103670300E-08	
7.082397924761450E-08	
6.915832414436780E-08	
6.807903905497760E-08	
4.312490302364940E-08	
1.174501564668840E-08	
4.895375607371140E-08	
4.877879703636830E-08	
4.444402788069930E-08	
4.162514261217790E-08	
3.883833594883760E-08	
3.485615439889240E-08	
3.001460450993550E-08	
4.706275899405460E-08	
4.681265565656920E-08	
4.316525545964800E-08	
4.121747852871110E-08	
3.966648499155510E-08	
3.835845364346540E-08	
3.670339592669570E-08	
5.101643050792910E-08	
5.068130501969430E-08	
4.710169439717090E-08	
4.430392007187000E-08	
4.196342812044510E-08	
3.974952051763380E-08	
3.712284843753390E-08	
5.399139502622840E-08	
5.363053719187660E-08	
5.037713371431650E-08	
4.720035711485250E-08	
4.452301979276360E-08	
4.186307013593720E-08	
3.863354021061960E-08	
5.418574684826470E-08	
5.379506911911910E-08	
5.110975642426680E-08	
4.839745228998210E-08	
4.624285257287180E-08	
4.463620108123680E-08	
4.285310678679860E-08	
2.673548300232300E-08	
2.646380059534190E-08	
2.523824629275990E-08	
2.164506456359280E-08	
1.721313848959760E-08	
1.509520323670380E-08	
1.263993687614360E-08	
2.700363399158980E-08	
2.669620721729780E-08	
2.483748891910020E-08	
1.662199440612720E-08	
1.069712258614100E-08	
5.135481696427190E-09	
1.573171612605850E-09	
1.736664708706410E-08	
1.713973782897580E-08	
1.615784942880420E-08	
7.564614874106150E-09	
1.707140614927820E-08	
4.692332891716640E-09	
4.441925383154220E-09	
1.512713560249090E-08	
1.504073746478290E-08	
1.562043266230260E-08	
7.829633908151060E-09	
6.471377587235930E-08	
7.716622768828560E-09	
8.094477354830490E-09	
1.662950055065870E-08	
1.639526923720520E-08	
1.605992184480120E-08	
7.765464395472340E-09	
2.377744561964390E-07	
1.118529800389380E-08	
8.098378751049700E-09	
1.673045013627730E-08	
1.650947125544070E-08	
1.632528489616260E-08	
7.936445870348470E-09	
1.944847716217760E-06	
1.863027101139980E-08	
1.645112582999290E-08	
1.689573410997020E-08	
1.667583599268180E-08	
1.665136023725640E-08	
8.213218364086410E-09	
1.202127668632070E-05	
1.916571094637590E-08	
1.474888945388110E-08	
1.706014421130760E-08	
1.683914672961820E-08	
1.691596562802130E-08	
8.375965071999640E-09	
4.035355359645190E-05	
1.921170968672510E-08	
1.508833503227370E-08	
1.698533411042700E-08	
1.676553792156370E-08	
1.687818125651330E-08	
8.374361430695150E-09	
9.000709159696070E-05	
1.941089666217430E-08	
1.525107732563810E-08	
1.671620740097930E-08	
1.649783893974770E-08	
1.657532904858870E-08	
8.190590568825540E-09	
1.656403670395800E-04	
1.967994590205240E-08	
1.543822805212870E-08	
1.628014126810290E-08	
1.606303180432240E-08	
1.604499042482720E-08	
7.838270345095730E-09	
2.719599311829250E-04	
2.003587048247300E-08	
1.570023709346380E-08	
1.568864234425040E-08	
1.547376579876220E-08	
1.532277363319320E-08	
7.358493795157930E-09	
4.141520483507100E-04	
2.059823994964120E-08	
1.590029713791690E-08	
1.536016095999630E-08	
1.514035696589080E-08	
1.485067378752590E-08	
6.841445135394310E-09	
5.477704605758100E-04	
2.076776983269880E-08	
1.746363744556820E-08	
1.546266245604540E-08	
1.522864932597640E-08	
1.477862884342930E-08	
6.508015544390820E-09	
6.130078541089920E-04	
1.305483041258180E-08	
8.899099383571320E-09	
1.560204608082920E-08	
1.532156119488430E-08	
1.472714210616340E-08	
6.418823597899830E-09	
6.293554488021240E-04	
9.790154925779360E-09	
1.048390993471480E-08	
1.517249593852240E-08	
1.495910057887810E-08	
1.453897117135440E-08	
6.425209670289060E-09	
6.412559243660280E-04	
6.265246273539410E-09	
4.298547413594040E-09	
1.561223250445200E-08	
1.545588992939770E-08	
1.478620834844180E-08	
6.299285529779400E-09	
6.525199423705100E-04	
4.132496355012660E-09	
3.644616249373960E-09	
1.752903637200550E-08	
1.730327992150410E-08	
1.710128333330020E-08	
8.895180137336560E-09	
6.968648160743140E-04	
3.557170887141960E-09	
1.925764622206370E-09	
3.226820571718990E-08	
3.193075105375950E-08	
3.236280188762240E-08	
2.390055178642100E-08	
6.562950956075180E-04	
7.225872711415190E-09	
7.050896187851240E-09	
1.103414073365510E-07	
1.097268868802090E-07	
1.023835565660640E-07	
9.685440424382220E-08	
4.848191368234850E-04	
1.781174294394570E-08	
1.554494700062220E-08	
1.048804797268520E-07	
1.042828424375430E-07	
9.674683964019080E-08	
9.108871566509580E-08	
2.859954440970050E-04	
1.880933233640600E-08	
1.640588691688960E-08	
1.001705814119080E-07	
9.959236393995200E-08	
9.199635560713190E-08	
8.661156833090740E-08	
1.531125890624530E-04	
1.944263950202520E-08	
1.701782515865810E-08	
9.685958369719460E-08	
9.627494989255410E-08	
8.841999732574140E-08	
8.304091954428640E-08	
7.072598158462320E-05	
1.981192356158590E-08	
1.734256046766000E-08	
9.404080486361620E-08	
9.353558361999910E-08	
8.573611491992150E-08	
8.085291179401310E-08	
2.705329218844620E-05	
1.989585048546230E-08	
1.752047646906590E-08	
9.419369776991450E-08	
9.337599600013270E-08	
8.403608902847470E-08	
7.742656620241670E-08	
1.320501678833200E-05	
2.003800156111920E-08	
1.721347380547570E-08	
4.862897946020930E-09	
4.697987916371100E-09	
4.025710819866640E-09	
2.602972803872930E-09	
1.636309338684340E-05	
2.299929683680010E-09	
1.480545321047610E-09	
3.825586673389360E-08	
3.650685397465990E-08	
3.567873062823290E-08	
3.817867836998900E-08	
6.153083927259250E-08	
6.863879350501760E-08	
4.724618845975740E-08	
3.453223645447970E-08	
2.843807016808660E-08	
2.404200690150840E-08	
2.332992266198800E-08	
2.430836231871960E-08	
2.172370969906300E-08	
1.768806317475550E-08	
1.726068922487630E-08	
1.853082191945420E-08	
8.180447938120900E-08	
7.371247002853600E-08	
2.572619750378000E-08	
3.100814227590020E-08	
2.691904360745390E-08	
2.533068757916320E-08	
2.481574236612150E-08	
2.504793130441690E-08	
