HawtC2_ProjectName: Section Failure Analysis for SectionMESH_1_复合材料叶片截面属性示例弦长方向插值新的版本 更多消息和教程请访问：http://www.hawtc.cn/
Powered By OpenWECD.HawtC2.HawtC2 @CopyRight 赵子祯
计算时间：06/17/2025 17:15:52
Force:0_0_0_30000_40000_0
!Elements542
Tsai_Wu失效准则	
1.897120904288560E-07	
1.908834075598500E-07	
1.934749723240360E-07	
2.134255231022020E-07	
2.564537127542360E-07	
3.166237338998980E-07	
4.013361862821910E-07	
1.721780424246900E-07	
1.746351191637620E-07	
1.801159918552230E-07	
1.992429194830020E-07	
2.411846701709160E-07	
3.019667769232650E-07	
4.464670760206200E-07	
1.809067796937340E-07	
1.806712944090210E-07	
1.800985598060580E-07	
1.721447091135580E-07	
1.797532272542000E-07	
1.927201823238760E-07	
2.059612832049280E-07	
1.230265838229600E-07	
1.238887843071960E-07	
1.245964018673280E-07	
1.112060633576560E-07	
1.102295348545730E-07	
9.892998975404410E-08	
7.856192436746970E-08	
9.077944442281920E-08	
9.047748086024830E-08	
7.794219372605040E-08	
7.525402304492310E-08	
7.264354307992710E-08	
6.911708535159760E-08	
6.471928142119790E-08	
8.943141326614670E-08	
8.874592616245770E-08	
7.321897902512660E-08	
6.905041609263160E-08	
6.577074329944580E-08	
6.291270317290800E-08	
5.968320257813810E-08	
9.698964828594420E-08	
9.612332884062800E-08	
7.860740644318950E-08	
7.262733413970070E-08	
6.775592368414370E-08	
6.320871608826740E-08	
5.792879430392610E-08	
1.105276742719930E-07	
1.094310224760480E-07	
9.125885291848510E-08	
8.357374981714690E-08	
7.725710203896580E-08	
7.143380293497070E-08	
6.465710291542370E-08	
1.261669890745880E-07	
1.249414733747970E-07	
1.077781832810840E-07	
9.930127453802170E-08	
9.261711641167580E-08	
8.639331377735880E-08	
7.906841564731040E-08	
1.142830635673140E-07	
1.132468270638230E-07	
1.063445264518690E-07	
9.318518984722490E-08	
8.235340008909410E-08	
7.080999538314590E-08	
5.836003387212330E-08	
1.328701939583550E-07	
1.315572260527250E-07	
1.178656393761530E-07	
8.916807483215180E-08	
7.203407604697450E-08	
6.003811439060690E-08	
4.997540345062910E-08	
1.825901666833040E-07	
1.810855641998650E-07	
1.588856613605110E-07	
1.551626401471340E-07	
1.280909298419760E-07	
7.668928808385550E-08	
4.336652551833860E-08	
2.171266706922490E-07	
2.155136814316350E-07	
1.774388209086730E-07	
1.571172537935240E-07	
1.567332019008210E-07	
9.687686207797590E-08	
5.934125283148530E-08	
2.291039498665460E-07	
2.269593409442760E-07	
1.865422017128480E-07	
1.627993914133210E-07	
1.889271048653830E-07	
1.176496516519720E-07	
9.925172695815640E-08	
2.338916952330330E-07	
2.321888727764700E-07	
1.928718332209160E-07	
1.698634921679380E-07	
2.525726913627320E-07	
1.400193985277970E-07	
8.742771236974260E-08	
2.349863137450280E-07	
2.336428555381810E-07	
1.983954970316960E-07	
1.774845287267470E-07	
4.412812208356270E-07	
1.604093611703990E-07	
1.999291833733380E-07	
2.592807159808810E-07	
2.575116936697940E-07	
2.156020485952380E-07	
1.918495628787880E-07	
3.441243686675340E-06	
1.975450441948660E-07	
1.321379478576650E-07	
2.897656414969980E-07	
2.878052889296160E-07	
2.433513713455920E-07	
2.181321023998720E-07	
2.418611184304370E-05	
2.242138183104380E-07	
1.469413388755930E-07	
3.097833319254960E-07	
3.077878078689960E-07	
2.618465530409430E-07	
2.360339449569460E-07	
6.978467221719390E-05	
2.407212713100750E-07	
1.602946140204080E-07	
3.168437273174840E-07	
3.148262095777540E-07	
2.684340844591880E-07	
2.424302326202950E-07	
1.444370140050300E-04	
2.476219819058220E-07	
1.652262299130020E-07	
3.098345847714900E-07	
3.078426153985880E-07	
2.619281476215240E-07	
2.357736275995530E-07	
2.562553776033030E-04	
2.428850499497440E-07	
1.611047863236580E-07	
2.902387291251610E-07	
2.883069417407610E-07	
2.439669923113410E-07	
2.180107170117290E-07	
4.154981575912120E-04	
2.281059640505250E-07	
1.497413537080550E-07	
2.612534537663430E-07	
2.594175009229100E-07	
2.176868703396410E-07	
1.924881893317340E-07	
6.333179114394250E-04	
2.069893036868850E-07	
1.329758860281090E-07	
2.294647677153770E-07	
2.277678426358190E-07	
1.890666621288000E-07	
1.647893438731610E-07	
8.861315166741800E-04	
1.817155057447570E-07	
1.191199137777930E-07	
2.107933030200990E-07	
2.091472223411120E-07	
1.722818311599040E-07	
1.482266646832590E-07	
1.036004174477070E-03	
1.294529286243460E-07	
7.712090998635700E-08	
2.045497504166790E-07	
2.033040306446640E-07	
1.680941514382400E-07	
1.445539903393380E-07	
1.058710798709250E-03	
1.129703015552230E-07	
1.020462620536830E-07	
2.047528870284460E-07	
2.031009921405050E-07	
1.659680745366430E-07	
1.400692710976660E-07	
1.078862367409360E-03	
9.902398293570600E-08	
4.935877173176360E-08	
2.078533871667130E-07	
2.062513866127200E-07	
1.684197063732370E-07	
1.485553581857700E-07	
1.182411803803630E-03	
9.205512508320250E-08	
5.237477294891240E-08	
2.557403502810540E-07	
2.536089182609100E-07	
2.059480758166290E-07	
2.214299436128270E-07	
1.204376389505880E-03	
1.242983424007200E-07	
9.443182410097230E-08	
2.340327794959250E-07	
2.323166680755790E-07	
1.924856640573120E-07	
1.784815048138670E-07	
8.733677690273690E-04	
9.407159601622810E-08	
8.478536201583090E-08	
2.156775973579330E-07	
2.140403410772670E-07	
1.753863424430860E-07	
1.620036890452110E-07	
5.973893428042630E-04	
7.769544640547570E-08	
6.811255767478370E-08	
2.005897258173270E-07	
1.990373549833270E-07	
1.623566947504340E-07	
1.498594912137450E-07	
3.860918607196020E-04	
6.453474213248200E-08	
5.611216977697130E-08	
1.912059821257560E-07	
1.897406378073920E-07	
1.552173835993510E-07	
1.435489664027560E-07	
2.294212022173820E-04	
5.513892764684100E-08	
4.747180851431770E-08	
1.869341814551330E-07	
1.855010473440400E-07	
1.531364158100430E-07	
1.419629488837570E-07	
1.218554978146770E-04	
4.921722923608200E-08	
4.228098329462110E-08	
1.858602917272880E-07	
1.846480319851200E-07	
1.552423233312270E-07	
1.454919461798810E-07	
5.807610558604920E-05	
4.606469693653040E-08	
4.010221576051940E-08	
1.935107632618250E-07	
1.914944438279560E-07	
1.612281572731460E-07	
1.472424852155250E-07	
3.427442027764380E-05	
4.571371127253490E-08	
3.899161026158890E-08	
7.156581893649680E-09	
6.877444123192060E-09	
5.592037765452570E-09	
3.272314516065950E-09	
3.275767545540340E-05	
3.862989909204840E-09	
3.032115430044710E-09	
1.263067122774120E-07	
1.299126538941350E-07	
1.382730196045420E-07	
1.770452024091990E-07	
2.471987325104740E-07	
3.313452244456110E-07	
6.370588349171020E-07	
1.289063488526270E-07	
1.319090059792840E-07	
1.390283268878900E-07	
1.759568364844680E-07	
2.550535847196090E-07	
3.234822410685080E-07	
6.361783913437240E-07	
1.573476969593750E-07	
1.597873573712690E-07	
1.647084148770090E-07	
1.981978803200390E-07	
2.603796685152420E-07	
3.508810089385130E-07	
5.141960989639410E-07	
1.815953155350680E-07	
1.823706267849450E-07	
1.851285879765200E-07	
2.112778676890980E-07	
2.469122016719600E-07	
3.371465766517100E-07	
5.092422608137690E-07	
1.538079520722700E-07	
1.508624251405870E-07	
1.426624239365850E-07	
1.578077561653510E-07	
1.650937911914840E-07	
1.615408297111270E-07	
1.148592824591530E-07	
1.707201067492280E-07	
1.740360217167780E-07	
1.794534189596100E-07	
1.843801576239390E-07	
1.789677279919470E-07	
1.175013511952500E-07	
3.888096254351820E-08	
1.435136852551730E-07	
1.428212861189460E-07	
1.428322190541050E-07	
1.324286001233650E-07	
1.227044250479940E-07	
1.102495858632450E-07	
9.535907511410030E-08	
1.550382458534300E-07	
1.540452479492290E-07	
1.583390914888330E-07	
1.491756959941610E-07	
1.417429694711260E-07	
1.351920475626380E-07	
1.271580239872730E-07	
1.831124925219580E-07	
1.818220808870750E-07	
1.897100894088290E-07	
1.772361834941940E-07	
1.668519148129780E-07	
1.570511330028470E-07	
1.454489874708650E-07	
2.103528105633190E-07	
2.088706375604570E-07	
2.209514935896660E-07	
2.062950033099990E-07	
1.939979904885470E-07	
1.819871132295860E-07	
1.674498029865550E-07	
2.286628494080790E-07	
2.271035685395790E-07	
2.439141948806280E-07	
2.303810902282290E-07	
2.193956960659370E-07	
2.104956188016980E-07	
2.004485094281670E-07	
1.638284811419200E-07	
1.622904844165270E-07	
1.763436672918160E-07	
1.523168781649570E-07	
1.295316494045770E-07	
1.171010897262510E-07	
1.037300869816090E-07	
1.710388605039440E-07	
1.695195063219930E-07	
1.824302997224410E-07	
1.389408222912980E-07	
1.061481686727220E-07	
7.213294895114090E-08	
4.285091026552210E-08	
1.251564723013460E-07	
1.239847666672230E-07	
1.342748514548810E-07	
8.406578471351520E-08	
9.429111168027530E-08	
5.257149040214920E-08	
4.246962720016080E-08	
1.210277811839720E-07	
1.206194584157260E-07	
1.341707410666880E-07	
8.518582524576170E-08	
2.846375468626760E-07	
5.626127049750290E-08	
4.581310419432240E-08	
1.264502415655900E-07	
1.253432863050670E-07	
1.367085728025600E-07	
8.672258723543780E-08	
9.224514413328900E-07	
6.113109381198430E-08	
4.747877570225550E-08	
1.312989029885590E-07	
1.302203037450400E-07	
1.420765533239430E-07	
9.128431930330910E-08	
6.106215545887740E-06	
7.248000637869210E-08	
6.181028923250640E-08	
1.365501170069400E-07	
1.354899383410260E-07	
1.481969038248420E-07	
9.779068721855110E-08	
3.335361559944500E-05	
7.558632326134300E-08	
6.547130851005340E-08	
1.405248894359500E-07	
1.394593127341090E-07	
1.524748782205430E-07	
1.015545884883140E-07	
1.068889766760670E-04	
7.799854233613190E-08	
6.859802432541410E-08	
1.394950510951370E-07	
1.384489820450740E-07	
1.513894766636630E-07	
1.011587425371500E-07	
2.339483719514250E-04	
7.796441906799610E-08	
6.861604197379450E-08	
1.344394174122410E-07	
1.334162732895880E-07	
1.458080756244590E-07	
9.689511136569630E-08	
4.258819919759300E-04	
7.562940094499600E-08	
6.631582447715640E-08	
1.262525678043680E-07	
1.252523301383030E-07	
1.366784818631990E-07	
8.950311696004840E-08	
6.943509063409690E-04	
7.161018958325770E-08	
6.239797835527110E-08	
1.156080121098960E-07	
1.146461005737050E-07	
1.248796261772930E-07	
8.001442650716150E-08	
1.051991539983320E-03	
6.686339306482600E-08	
5.731788474761590E-08	
1.083943018641730E-07	
1.073981932758570E-07	
1.163035023479780E-07	
7.121196585378920E-08	
1.389004676077400E-03	
6.360875925125600E-08	
5.395955332636570E-08	
1.061816396823000E-07	
1.051248462254890E-07	
1.129379526040440E-07	
6.642864026176140E-08	
1.557168360829960E-03	
5.146278606883980E-08	
3.692110596820650E-08	
1.065742947064520E-07	
1.050816239661720E-07	
1.116104459115570E-07	
6.505276983980030E-08	
1.601318704788260E-03	
4.637213602680440E-08	
3.547366005990890E-08	
1.008127488697380E-07	
9.991096257920150E-08	
1.083594189306160E-07	
6.469000306825910E-08	
1.632991570600730E-03	
4.035093914898340E-08	
2.955162008476150E-08	
9.953290394857220E-08	
9.855393898735240E-08	
1.070271557106360E-07	
6.384782536234620E-08	
1.662495245299190E-03	
3.742840969596880E-08	
3.356585807682750E-08	
1.002856494969250E-07	
9.935829390995080E-08	
1.104011267041810E-07	
6.808830457209060E-08	
1.778589209375650E-03	
3.992677224317960E-08	
3.153317944029840E-08	
1.222146495248130E-07	
1.208808745244270E-07	
1.392333835358380E-07	
9.221150539472140E-08	
1.694143561528400E-03	
5.425850816099360E-08	
5.316378495545710E-08	
3.517002067176420E-07	
3.496151532834800E-07	
3.551992685278770E-07	
3.344046114491680E-07	
1.243464773158130E-03	
8.226308729077300E-08	
7.275811637852940E-08	
3.226753741686360E-07	
3.207218951225660E-07	
3.223114492528900E-07	
3.016353658655280E-07	
7.024473450675920E-04	
7.603253750935870E-08	
6.676155784134450E-08	
2.965259835202150E-07	
2.946787608397520E-07	
2.931225798395190E-07	
2.740525779461990E-07	
3.524411522910240E-04	
6.962385492976920E-08	
6.081384983775700E-08	
2.754091285411030E-07	
2.736150916445920E-07	
2.686538105892920E-07	
2.503595060133890E-07	
1.457669941212900E-04	
6.362492098771400E-08	
5.524284643610870E-08	
2.568340667745640E-07	
2.552992927759260E-07	
2.480547999085760E-07	
2.318453430242600E-07	
4.604196452486870E-05	
5.813391016871010E-08	
5.047539445942990E-08	
2.479204064037820E-07	
2.457036086495010E-07	
2.324952650933200E-07	
2.127448968944060E-07	
2.555628331699530E-05	
5.401353432713270E-08	
4.578643695897670E-08	
1.612186182456770E-08	
1.566114890927190E-08	
1.495555969192910E-08	
1.083961818677550E-08	
3.879097373191620E-05	
7.903642852756300E-09	
5.585775288971290E-09	
1.070001801067510E-07	
8.733965346037610E-08	
8.467326110680940E-08	
1.018130021503110E-07	
4.159609516377500E-07	
6.909593144382810E-07	
4.958802701738460E-07	
1.894743629803220E-07	
8.663538878191710E-08	
5.793555138647900E-08	
5.468151944116260E-08	
6.843244110349450E-08	
6.683575333079380E-08	
4.189129687462380E-08	
3.806765376632140E-08	
4.744829082982700E-08	
4.639084327879210E-07	
5.908166263702740E-07	
2.169672093612220E-07	
7.170554429663260E-08	
7.561088614710800E-08	
5.860751480751220E-08	
5.492252857216920E-08	
6.226078729062730E-08	
